Invalid Date, -  , NaN, - , NaN, - , NaN [right meow! error : database dont want to connect  bad auth : Authentication failed.] 
Invalid Date, -  , NaN, - , NaN, - , NaN [right meow! error : database dont want to connect  bad auth : Authentication failed.] 
Invalid Date, -  , NaN, - , NaN, - , NaN [right meow! error : database dont want to connect  bad auth : Authentication failed.] 
Invalid Date, -  , NaN, - , NaN, - , NaN [right meow! error : database dont want to connect  bad auth : Authentication failed.] 
Invalid Date, -  , NaN, - , NaN, - , NaN [right meow! error : database dont want to connect  bad auth : Authentication failed.] 
Invalid Date, -  , NaN, - , NaN, - , NaN [right meow! error : database dont want to connect  bad auth : Authentication failed.] 
Invalid Date, -  , NaN, - , NaN, - , NaN [right meow! error : database dont want to connect  bad auth : Authentication failed.] 
Invalid Date, -  , NaN, - , NaN, - , NaN [right meow! error : database dont want to connect  bad auth : Authentication failed.] 
Invalid Date, -  , NaN, - , NaN, - , NaN [right meow! error : database dont want to connect  bad auth : Authentication failed.] 
Invalid Date, -  , NaN, - , NaN, - , NaN [right meow! error : database dont want to connect  bad auth : Authentication failed.] 
Invalid Date, -  , NaN, - , NaN, - , NaN [right meow! error : database dont want to connect  bad auth : Authentication failed.] 
Invalid Date, -  , NaN, - , NaN, - , NaN [right meow! error : database dont want to connect  bad auth : Authentication failed.] 
Invalid Date, -  , NaN, - , NaN, - , NaN [right meow! error : database dont want to connect  bad auth : Authentication failed.] 
Invalid Date, -  , NaN, - , NaN, - , NaN [right meow! error : database dont want to connect  bad auth : Authentication failed.] 
Invalid Date, -  , NaN, - , NaN, - , NaN [right meow! error : database dont want to connect  bad auth : Authentication failed.] 
Invalid Date, -  , NaN, - , NaN, - , NaN [right meow! error : database dont want to connect  bad auth : Authentication failed.] 
Invalid Date, -  , NaN, - , NaN, - , NaN [right meow! error : database dont want to connect  bad auth : Authentication failed.] 
Invalid Date, -  , NaN, - , NaN, - , NaN [right meow! error : database dont want to connect  bad auth : Authentication failed.] 
Sat Dec 02 2023, -  , 18, - , 18, - , 18 [right meow! error : database dont want to connect  bad auth : Authentication failed.] 
Sat Dec 02 2023, -  , 18, - , 18, - , 18 [right meow! error : database dont want to connect  bad auth : Authentication failed.] 
Sat Dec 02 2023, -  , 1.5, - , 19, - , 3 [right meow! error : database dont want to connect  bad auth : Authentication failed.] 
Sat Dec 02 2023, -  , 1.5, - , 19, - , 3 [right meow! error : database dont want to connect  bad auth : Authentication failed.] 
Sat Dec 02 2023, -  , 18, - , 19, - , 8 [right meow! error : database dont want to connect  bad auth : Authentication failed.] 
Sat Dec 02 2023, -  , 18, - , 19, - , 8 [right meow! error : database dont want to connect  bad auth : Authentication failed.] 
Sat Dec 02 2023,:, 18,/, 19,/, 38 [right meow! error : database dont want to connect  bad auth : Authentication failed.] 
Sat Dec 02 2023,:, 18,/, 19,/, 38 [right meow! error : database dont want to connect  bad auth : Authentication failed.] 
Sat Dec 02 2023,:, 18/19/51 [right meow! error : database dont want to connect  bad auth : Authentication failed.] 
Sat Dec 02 2023,:, 18/19/51 [right meow! error : database dont want to connect  bad auth : Authentication failed.] 
Sat Dec 02 2023: 18:20:19 [right meow! error : database dont want to connect  bad auth : Authentication failed.] 
Sat Dec 02 2023: 18:20:19 [right meow! error : database dont want to connect  bad auth : Authentication failed.] 
Sat Dec 02 2023: 18:20:38 [right meow! error : database dont want to connect  bad auth : Authentication failed.] 
Sat Dec 02 2023: 18:20:38 [right meow! error : database dont want to connect  bad auth : Authentication failed.] 
Sat Dec 02 2023: 18:21:8 [right meow! error : database dont want to connect  bad auth : Authentication failed.] 
Sat Dec 02 2023: 18:21:8 [right meow! error : database dont want to connect  bad auth : Authentication failed.] 
Sat Dec 02 2023: 18:21:13 [right meow! error : database dont want to connect  bad auth : Authentication failed.] 
Sat Dec 02 2023: 18:21:13 [right meow! error : database dont want to connect  bad auth : Authentication failed.] 
Sat Dec 02 2023: 18:21:19 [right meow! error : database dont want to connect  bad auth : Authentication failed.] 
Sat Dec 02 2023: 18:21:19 [right meow! error : database dont want to connect  bad auth : Authentication failed.] 
Sat Dec 02 2023: 18:21:22 [right meow! error : database dont want to connect  bad auth : Authentication failed.] 
Sat Dec 02 2023: 18:21:22 [right meow! error : database dont want to connect  bad auth : Authentication failed.] 
Sat Dec 02 2023: 18:21:54 [right meow! error : database dont want to connect  bad auth : Authentication failed.] 
Sat Dec 02 2023: 18:21:54 [right meow! error : database dont want to connect  bad auth : Authentication failed.] 
Sat Dec 02 2023: 18:29:46 [right meow! error : database dont want to connect  bad auth : Authentication failed.] 
Sat Dec 02 2023: 18:29:46 [right meow! error : database dont want to connect  bad auth : Authentication failed.] 
Sat Dec 02 2023: 18:29:57 [right meow! error : database dont want to connect  bad auth : Authentication failed.] 
Sat Dec 02 2023: 18:29:58 [right meow! error : database dont want to connect  bad auth : Authentication failed.] 
